<?xml version="1.0" encoding="UTF-8"?>
<!-- Generated by org.testng.reporters.JUnitReportReporter -->
<testsuite skipped="0" hostname="LAPTOP-AAKS8C7V" name="com.lti.testClasses.LoginTest" tests="2" failures="0" timestamp="11 Feb 2022 09:13:46 GMT" time="18.124" errors="0">
  <testcase name="loginTest1" time="9.988" classname="com.lti.testClasses.LoginTest"/>
  <testcase name="loginTest2" time="8.136" classname="com.lti.testClasses.LoginTest"/>
</testsuite> <!-- com.lti.testClasses.LoginTest -->
