<?xml version="1.0" encoding="UTF-8"?>
<!-- Generated by org.testng.reporters.JUnitReportReporter -->
<testsuite skipped="0" hostname="LAPTOP-AAKS8C7V" name="com.TestNgBasics.GenerateLogFiles" tests="1" failures="0" timestamp="2023-05-27T19:46:42 IST" time="9.751" errors="0">
  <testcase name="GoogleTitleTest" time="9.751" classname="com.TestNgBasics.GenerateLogFiles"/>
  <system-out/>
</testsuite> <!-- com.TestNgBasics.GenerateLogFiles -->
