<?xml version="1.0" encoding="UTF-8"?>
<!-- Generated by org.testng.reporters.JUnitReportReporter -->
<testsuite skipped="0" hostname="LAPTOP-AAKS8C7V" name="com.TestNgBasics.ExpectedExceptions" tests="1" failures="0" timestamp="2023-03-23T23:06:09 IST" time="0.173" errors="0">
  <testcase name="test1" time="0.173" classname="com.TestNgBasics.ExpectedExceptions"/>
  <system-out/>
</testsuite> <!-- com.TestNgBasics.ExpectedExceptions -->
