<?xml version="1.0" encoding="UTF-8"?>
<!-- Generated by org.testng.reporters.JUnitReportReporter -->
<testsuite skipped="0" hostname="LAPTOP-AAKS8C7V" name="com.qa.testcases.HomePageTest" tests="3" failures="0" timestamp="2023-05-21T22:59:03 IST" time="36.609" errors="0">
  <testcase name="verifyHomePageTitleTest" time="14.091" classname="com.qa.testcases.HomePageTest"/>
  <system-out/>
  <testcase name="verifyHomePageLogoTest" time="12.413" classname="com.qa.testcases.HomePageTest"/>
  <system-out/>
  <testcase name="verifyBusLinkTest" time="10.105" classname="com.qa.testcases.HomePageTest"/>
  <system-out/>
</testsuite> <!-- com.qa.testcases.HomePageTest -->
