<?xml version="1.0" encoding="UTF-8"?>
<!-- Generated by org.testng.reporters.JUnitReportReporter -->
<testsuite skipped="0" hostname="LAPTOP-AAKS8C7V" name="com.TestNgBasics.invocationCount" tests="10" failures="0" timestamp="2023-03-24T00:19:41 IST" time="0.077" errors="0">
  <testcase name="sum" time="0.031" classname="com.TestNgBasics.invocationCount"/>
  <system-out/>
  <testcase name="sum" time="0.000" classname="com.TestNgBasics.invocationCount"/>
  <system-out/>
  <testcase name="sum" time="0.000" classname="com.TestNgBasics.invocationCount"/>
  <system-out/>
  <testcase name="sum" time="0.000" classname="com.TestNgBasics.invocationCount"/>
  <system-out/>
  <testcase name="sum" time="0.000" classname="com.TestNgBasics.invocationCount"/>
  <system-out/>
  <testcase name="sum" time="0.031" classname="com.TestNgBasics.invocationCount"/>
  <system-out/>
  <testcase name="sum" time="0.000" classname="com.TestNgBasics.invocationCount"/>
  <system-out/>
  <testcase name="sum" time="0.015" classname="com.TestNgBasics.invocationCount"/>
  <system-out/>
  <testcase name="sum" time="0.000" classname="com.TestNgBasics.invocationCount"/>
  <system-out/>
  <testcase name="sum" time="0.000" classname="com.TestNgBasics.invocationCount"/>
  <system-out/>
</testsuite> <!-- com.TestNgBasics.invocationCount -->
