<?xml version="1.0" encoding="UTF-8"?>
<!-- Generated by org.testng.reporters.JUnitReportReporter -->
<testsuite skipped="0" hostname="LAPTOP-AAKS8C7V" name="com.qa.testcases.LoginPageTest" tests="3" failures="0" timestamp="2023-05-21T22:59:03 IST" time="35.750" errors="0">
  <testcase name="loginPageTitleTest" time="5.742" classname="com.qa.testcases.LoginPageTest"/>
  <system-out/>
  <testcase name="viaLogoImageTest" time="5.897" classname="com.qa.testcases.LoginPageTest"/>
  <system-out/>
  <testcase name="loginTest" time="24.111" classname="com.qa.testcases.LoginPageTest"/>
  <system-out/>
</testsuite> <!-- com.qa.testcases.LoginPageTest -->
