<?xml version="1.0" encoding="UTF-8"?>
<!-- Generated by org.testng.reporters.JUnitReportReporter -->
<testsuite skipped="0" hostname="LAPTOP-AAKS8C7V" name="com.qa.testcases.BusPageTest" tests="5" failures="0" timestamp="2023-05-28T13:59:30 IST" time="63.905" errors="0">
  <testcase name="verifyBusPageLabelTest" time="17.746" classname="com.qa.testcases.BusPageTest"/>
  <system-out/>
  <testcase name="clickOnRoundTripTest" time="10.110" classname="com.qa.testcases.BusPageTest"/>
  <system-out/>
  <testcase name="bookYourBusTest" time="11.571" classname="com.qa.testcases.BusPageTest"/>
  <system-out/>
  <testcase name="bookYourBusTest" time="12.586" classname="com.qa.testcases.BusPageTest"/>
  <system-out/>
  <testcase name="bookYourBusTest" time="11.892" classname="com.qa.testcases.BusPageTest"/>
  <system-out/>
</testsuite> <!-- com.qa.testcases.BusPageTest -->
