<?xml version="1.0" encoding="UTF-8"?>
<!-- Generated by org.testng.reporters.JUnitReportReporter -->
<testsuite skipped="0" hostname="LAPTOP-AAKS8C7V" name="com.lti.baseClass.TestNgBasics" tests="1" failures="0" timestamp="12 Mar 2023 16:03:39 GMT" time="4.644" errors="0">
  <testcase name="googleTitleTest" time="4.644" classname="com.lti.baseClass.TestNgBasics"/>
</testsuite> <!-- com.lti.baseClass.TestNgBasics -->
