<?xml version="1.0" encoding="UTF-8"?>
<!-- Generated by org.testng.reporters.JUnitReportReporter -->
<testsuite skipped="0" hostname="LAPTOP-AAKS8C7V" name="com.TestNgBasics.Parameters_xml" tests="1" failures="0" timestamp="2023-05-06T15:43:05 IST" time="9.518" errors="0">
  <testcase name="flipkart" time="9.518" classname="com.TestNgBasics.Parameters_xml"/>
  <system-out/>
</testsuite> <!-- com.TestNgBasics.Parameters_xml -->
