<?xml version="1.0" encoding="UTF-8"?>
<!-- Generated by org.testng.reporters.JUnitReportReporter -->
<testsuite skipped="1" hostname="LAPTOP-AAKS8C7V" name="com.TestNgBasics.DataDrivenFrameworkBasics" tests="1" failures="0" timestamp="2023-05-07T18:27:48 IST" time="0.000" errors="0">
  <testcase name="loginpagetest" time="0.000" classname="com.TestNgBasics.DataDrivenFrameworkBasics">
    <skipped/>
  </testcase> <!-- loginpagetest -->
  <system-out/>
</testsuite> <!-- com.TestNgBasics.DataDrivenFrameworkBasics -->
